[2015-05-18 13:15:12,296] INFO [Controller 0]: Controller starting up (kafka.controller.KafkaController)
[2015-05-18 13:15:12,472] INFO [Controller 0]: Broker 0 starting become controller state transition (kafka.controller.KafkaController)
[2015-05-18 13:15:12,520] INFO [Controller 0]: Controller 0 incremented epoch to 1 (kafka.controller.KafkaController)
[2015-05-18 13:15:12,625] INFO [Controller 0]: Partitions undergoing preferred replica election:  (kafka.controller.KafkaController)
[2015-05-18 13:15:12,626] INFO [Controller 0]: Partitions that completed preferred replica election:  (kafka.controller.KafkaController)
[2015-05-18 13:15:12,627] INFO [Controller 0]: Resuming preferred replica election for partitions:  (kafka.controller.KafkaController)
[2015-05-18 13:15:12,648] INFO [Controller 0]: Partitions being reassigned: Map() (kafka.controller.KafkaController)
[2015-05-18 13:15:12,650] INFO [Controller 0]: Partitions already reassigned: List() (kafka.controller.KafkaController)
[2015-05-18 13:15:12,655] INFO [Controller 0]: Resuming reassignment of partitions: Map() (kafka.controller.KafkaController)
[2015-05-18 13:15:12,667] INFO [Controller 0]: List of topics to be deleted:  (kafka.controller.KafkaController)
[2015-05-18 13:15:12,668] INFO [Controller 0]: List of topics ineligible for deletion:  (kafka.controller.KafkaController)
[2015-05-18 13:15:12,693] INFO [Controller 0]: Currently active brokers in the cluster: Set() (kafka.controller.KafkaController)
[2015-05-18 13:15:12,694] INFO [Controller 0]: Currently shutting brokers in the cluster: Set() (kafka.controller.KafkaController)
[2015-05-18 13:15:12,695] INFO [Controller 0]: Current list of topics in the cluster: Set() (kafka.controller.KafkaController)
[2015-05-18 13:15:12,700] INFO [Replica state machine on controller 0]: Started replica state machine with initial state -> Map() (kafka.controller.ReplicaStateMachine)
[2015-05-18 13:15:12,715] INFO [Partition state machine on Controller 0]: Started partition state machine with initial state -> Map() (kafka.controller.PartitionStateMachine)
[2015-05-18 13:15:12,720] INFO [Controller 0]: Broker 0 is ready to serve as the new controller with epoch 1 (kafka.controller.KafkaController)
[2015-05-18 13:15:12,725] INFO [Controller 0]: Starting preferred replica leader election for partitions  (kafka.controller.KafkaController)
[2015-05-18 13:15:12,741] INFO [Partition state machine on Controller 0]: Invoking state change to OnlinePartition for partitions  (kafka.controller.PartitionStateMachine)
[2015-05-18 13:15:12,809] INFO [Controller 0]: Controller startup complete (kafka.controller.KafkaController)
[2015-05-18 13:15:13,304] DEBUG [ControllerEpochListener on 0]: Controller epoch listener fired with new epoch 1 (kafka.controller.ControllerEpochListener)
[2015-05-18 13:15:13,319] INFO [ControllerEpochListener on 0]: Initialized controller epoch to 1 and zk version 0 (kafka.controller.ControllerEpochListener)
[2015-05-18 13:15:13,324] INFO [BrokerChangeListener on Controller 0]: Broker change listener fired for path /brokers/ids with children 0 (kafka.controller.ReplicaStateMachine$BrokerChangeListener)
[2015-05-18 13:15:13,376] INFO [BrokerChangeListener on Controller 0]: Newly added brokers: 0, deleted brokers: , all live brokers: 0 (kafka.controller.ReplicaStateMachine$BrokerChangeListener)
[2015-05-18 13:15:13,382] DEBUG [Channel manager on controller 0]: Controller 0 trying to connect to broker 0 (kafka.controller.ControllerChannelManager)
[2015-05-18 13:15:13,413] INFO [Controller-0-to-broker-0-send-thread], Controller 0 connected to id:0,host:dazle-K52JU,port:9092 for sending state change requests (kafka.controller.RequestSendThread)
[2015-05-18 13:15:13,430] INFO [Controller-0-to-broker-0-send-thread], Starting  (kafka.controller.RequestSendThread)
[2015-05-18 13:15:13,436] INFO [Controller 0]: New broker startup callback for 0 (kafka.controller.KafkaController)
[2015-05-18 13:15:14,658] DEBUG [TopicChangeListener on Controller 0]: Topic change listener fired for path /brokers/topics with children wikipedia-raw (kafka.controller.PartitionStateMachine$TopicChangeListener)
[2015-05-18 13:15:14,672] INFO [TopicChangeListener on Controller 0]: New topics: [Set(wikipedia-raw)], deleted topics: [Set()], new partition replica assignment [Map([wikipedia-raw,0] -> List(0))] (kafka.controller.PartitionStateMachine$TopicChangeListener)
[2015-05-18 13:15:14,673] INFO [Controller 0]: New topic creation callback for [wikipedia-raw,0] (kafka.controller.KafkaController)
[2015-05-18 13:15:14,796] INFO [Controller 0]: New partition creation callback for [wikipedia-raw,0] (kafka.controller.KafkaController)
[2015-05-18 13:15:14,797] INFO [Partition state machine on Controller 0]: Invoking state change to NewPartition for partitions [wikipedia-raw,0] (kafka.controller.PartitionStateMachine)
[2015-05-18 13:15:14,809] INFO [Replica state machine on controller 0]: Invoking state change to NewReplica for replicas [Topic=wikipedia-raw,Partition=0,Replica=0] (kafka.controller.ReplicaStateMachine)
[2015-05-18 13:15:14,814] INFO [Partition state machine on Controller 0]: Invoking state change to OnlinePartition for partitions [wikipedia-raw,0] (kafka.controller.PartitionStateMachine)
[2015-05-18 13:15:14,817] DEBUG [Partition state machine on Controller 0]: Live assigned replicas for partition [wikipedia-raw,0] are: [List(0)] (kafka.controller.PartitionStateMachine)
[2015-05-18 13:15:14,820] DEBUG [Partition state machine on Controller 0]: Initializing leader and isr for partition [wikipedia-raw,0] to (Leader:0,ISR:0,LeaderEpoch:0,ControllerEpoch:1) (kafka.controller.PartitionStateMachine)
[2015-05-18 13:15:15,198] INFO [Replica state machine on controller 0]: Invoking state change to OnlineReplica for replicas [Topic=wikipedia-raw,Partition=0,Replica=0] (kafka.controller.ReplicaStateMachine)
