[2015-05-18 13:15:09,708] INFO Verifying properties (kafka.utils.VerifiableProperties)
[2015-05-18 13:15:09,911] INFO Property broker.id is overridden to 0 (kafka.utils.VerifiableProperties)
[2015-05-18 13:15:09,911] INFO Property log.cleaner.enable is overridden to false (kafka.utils.VerifiableProperties)
[2015-05-18 13:15:09,911] INFO Property log.dirs is overridden to /tmp/kafka-logs (kafka.utils.VerifiableProperties)
[2015-05-18 13:15:09,914] INFO Property log.retention.check.interval.ms is overridden to 60000 (kafka.utils.VerifiableProperties)
[2015-05-18 13:15:09,915] INFO Property log.retention.hours is overridden to 168 (kafka.utils.VerifiableProperties)
[2015-05-18 13:15:09,916] INFO Property log.segment.bytes is overridden to 536870912 (kafka.utils.VerifiableProperties)
[2015-05-18 13:15:09,916] INFO Property num.io.threads is overridden to 8 (kafka.utils.VerifiableProperties)
[2015-05-18 13:15:09,930] INFO Property num.network.threads is overridden to 2 (kafka.utils.VerifiableProperties)
[2015-05-18 13:15:09,930] INFO Property num.partitions is overridden to 1 (kafka.utils.VerifiableProperties)
[2015-05-18 13:15:09,931] INFO Property port is overridden to 9092 (kafka.utils.VerifiableProperties)
[2015-05-18 13:15:09,931] INFO Property socket.receive.buffer.bytes is overridden to 1048576 (kafka.utils.VerifiableProperties)
[2015-05-18 13:15:09,932] INFO Property socket.request.max.bytes is overridden to 104857600 (kafka.utils.VerifiableProperties)
[2015-05-18 13:15:09,932] INFO Property socket.send.buffer.bytes is overridden to 1048576 (kafka.utils.VerifiableProperties)
[2015-05-18 13:15:09,932] INFO Property zookeeper.connect is overridden to localhost:2181 (kafka.utils.VerifiableProperties)
[2015-05-18 13:15:09,937] INFO Property zookeeper.connection.timeout.ms is overridden to 1000000 (kafka.utils.VerifiableProperties)
[2015-05-18 13:15:09,997] INFO [Kafka Server 0], starting (kafka.server.KafkaServer)
[2015-05-18 13:15:10,005] INFO [Kafka Server 0], Connecting to zookeeper on localhost:2181 (kafka.server.KafkaServer)
[2015-05-18 13:15:10,069] INFO Starting ZkClient event thread. (org.I0Itec.zkclient.ZkEventThread)
[2015-05-18 13:15:10,089] INFO Client environment:zookeeper.version=3.3.3-1203054, built on 11/17/2011 05:47 GMT (org.apache.zookeeper.ZooKeeper)
[2015-05-18 13:15:10,089] INFO Client environment:host.name=dazle-K52JU (org.apache.zookeeper.ZooKeeper)
[2015-05-18 13:15:10,089] INFO Client environment:java.version=1.8.0_45 (org.apache.zookeeper.ZooKeeper)
[2015-05-18 13:15:10,089] INFO Client environment:java.vendor=Oracle Corporation (org.apache.zookeeper.ZooKeeper)
[2015-05-18 13:15:10,089] INFO Client environment:java.home=/usr/lib/jvm/java-8-oracle/jre (org.apache.zookeeper.ZooKeeper)
[2015-05-18 13:15:10,089] INFO Client environment:java.class.path=:/home/dazle/hello-samza/deploy/kafka/bin/../core/build/dependant-libs-2.8.0/*.jar:/home/dazle/hello-samza/deploy/kafka/bin/../perf/build/libs//kafka-perf_2.8.0*.jar:/home/dazle/hello-samza/deploy/kafka/bin/../clients/build/libs//kafka-clients*.jar:/home/dazle/hello-samza/deploy/kafka/bin/../examples/build/libs//kafka-examples*.jar:/home/dazle/hello-samza/deploy/kafka/bin/../contrib/hadoop-consumer/build/libs//kafka-hadoop-consumer*.jar:/home/dazle/hello-samza/deploy/kafka/bin/../contrib/hadoop-producer/build/libs//kafka-hadoop-producer*.jar:/home/dazle/hello-samza/deploy/kafka/bin/../libs/jopt-simple-3.2.jar:/home/dazle/hello-samza/deploy/kafka/bin/../libs/kafka_2.10-0.8.1.1.jar:/home/dazle/hello-samza/deploy/kafka/bin/../libs/kafka_2.10-0.8.1.1-javadoc.jar:/home/dazle/hello-samza/deploy/kafka/bin/../libs/kafka_2.10-0.8.1.1-scaladoc.jar:/home/dazle/hello-samza/deploy/kafka/bin/../libs/kafka_2.10-0.8.1.1-sources.jar:/home/dazle/hello-samza/deploy/kafka/bin/../libs/log4j-1.2.15.jar:/home/dazle/hello-samza/deploy/kafka/bin/../libs/metrics-core-2.2.0.jar:/home/dazle/hello-samza/deploy/kafka/bin/../libs/scala-library-2.10.1.jar:/home/dazle/hello-samza/deploy/kafka/bin/../libs/slf4j-api-1.7.2.jar:/home/dazle/hello-samza/deploy/kafka/bin/../libs/snappy-java-1.0.5.jar:/home/dazle/hello-samza/deploy/kafka/bin/../libs/zkclient-0.3.jar:/home/dazle/hello-samza/deploy/kafka/bin/../libs/zookeeper-3.3.4.jar:/home/dazle/hello-samza/deploy/kafka/bin/../core/build/libs/kafka_2.8.0*.jar (org.apache.zookeeper.ZooKeeper)
[2015-05-18 13:15:10,089] INFO Client environment:java.library.path=/usr/java/packages/lib/amd64:/usr/lib64:/lib64:/lib:/usr/lib (org.apache.zookeeper.ZooKeeper)
[2015-05-18 13:15:10,089] INFO Client environment:java.io.tmpdir=/tmp (org.apache.zookeeper.ZooKeeper)
[2015-05-18 13:15:10,089] INFO Client environment:java.compiler=<NA> (org.apache.zookeeper.ZooKeeper)
[2015-05-18 13:15:10,089] INFO Client environment:os.name=Linux (org.apache.zookeeper.ZooKeeper)
[2015-05-18 13:15:10,089] INFO Client environment:os.arch=amd64 (org.apache.zookeeper.ZooKeeper)
[2015-05-18 13:15:10,090] INFO Client environment:os.version=3.16.0-37-generic (org.apache.zookeeper.ZooKeeper)
[2015-05-18 13:15:10,090] INFO Client environment:user.name=dazle (org.apache.zookeeper.ZooKeeper)
[2015-05-18 13:15:10,090] INFO Client environment:user.home=/home/dazle (org.apache.zookeeper.ZooKeeper)
[2015-05-18 13:15:10,090] INFO Client environment:user.dir=/home/dazle/hello-samza/deploy/kafka (org.apache.zookeeper.ZooKeeper)
[2015-05-18 13:15:10,092] INFO Initiating client connection, connectString=localhost:2181 sessionTimeout=6000 watcher=org.I0Itec.zkclient.ZkClient@33b37288 (org.apache.zookeeper.ZooKeeper)
[2015-05-18 13:15:10,142] INFO Opening socket connection to server localhost/127.0.0.1:2181 (org.apache.zookeeper.ClientCnxn)
[2015-05-18 13:15:10,597] INFO Socket connection established to localhost/127.0.0.1:2181, initiating session (org.apache.zookeeper.ClientCnxn)
[2015-05-18 13:15:11,199] INFO Session establishment complete on server localhost/127.0.0.1:2181, sessionid = 0x14d66bbfbc10000, negotiated timeout = 6000 (org.apache.zookeeper.ClientCnxn)
[2015-05-18 13:15:11,208] INFO zookeeper state changed (SyncConnected) (org.I0Itec.zkclient.ZkClient)
[2015-05-18 13:15:11,712] INFO Log directory '/tmp/kafka-logs' not found, creating it. (kafka.log.LogManager)
[2015-05-18 13:15:11,759] INFO Starting log cleanup with a period of 60000 ms. (kafka.log.LogManager)
[2015-05-18 13:15:11,778] INFO Starting log flusher with a default period of 9223372036854775807 ms. (kafka.log.LogManager)
SLF4J: Failed to load class "org.slf4j.impl.StaticLoggerBinder".
SLF4J: Defaulting to no-operation (NOP) logger implementation
SLF4J: See http://www.slf4j.org/codes.html#StaticLoggerBinder for further details.
[2015-05-18 13:15:11,923] INFO Awaiting socket connections on 0.0.0.0:9092. (kafka.network.Acceptor)
[2015-05-18 13:15:11,925] INFO [Socket Server on Broker 0], Started (kafka.network.SocketServer)
[2015-05-18 13:15:12,291] INFO Will not load MX4J, mx4j-tools.jar is not in the classpath (kafka.utils.Mx4jLoader$)
[2015-05-18 13:15:12,471] INFO 0 successfully elected as leader (kafka.server.ZookeeperLeaderElector)
[2015-05-18 13:15:12,948] INFO Registered broker 0 at path /brokers/ids/0 with address dazle-K52JU:9092. (kafka.utils.ZkUtils$)
[2015-05-18 13:15:12,991] INFO [Kafka Server 0], started (kafka.server.KafkaServer)
[2015-05-18 13:15:13,298] INFO New leader is 0 (kafka.server.ZookeeperLeaderElector$LeaderChangeListener)
[2015-05-18 13:15:15,360] INFO [ReplicaFetcherManager on broker 0] Removed fetcher for partitions [wikipedia-raw,0] (kafka.server.ReplicaFetcherManager)
[2015-05-18 13:15:15,514] INFO Completed load of log wikipedia-raw-0 with log end offset 0 (kafka.log.Log)
[2015-05-18 13:15:15,533] INFO Created log for partition [wikipedia-raw,0] in /tmp/kafka-logs with properties {segment.index.bytes -> 10485760, file.delete.delay.ms -> 60000, segment.bytes -> 536870912, flush.ms -> 9223372036854775807, delete.retention.ms -> 86400000, index.interval.bytes -> 4096, retention.bytes -> -1, cleanup.policy -> delete, segment.ms -> 604800000, max.message.bytes -> 1000012, flush.messages -> 9223372036854775807, min.cleanable.dirty.ratio -> 0.5, retention.ms -> 604800000}. (kafka.log.LogManager)
[2015-05-18 13:15:15,535] WARN Partition [wikipedia-raw,0] on broker 0: No checkpointed highwatermark is found for partition [wikipedia-raw,0] (kafka.cluster.Partition)
[2015-05-18 13:15:17,713] INFO Closing socket connection to /127.0.0.1. (kafka.network.Processor)
[2015-05-18 13:15:23,308] INFO Closing socket connection to /127.0.0.1. (kafka.network.Processor)
[2015-05-18 13:15:25,010] INFO Closing socket connection to /127.0.0.1. (kafka.network.Processor)
[2015-05-18 13:15:28,537] INFO Closing socket connection to /127.0.0.1. (kafka.network.Processor)
[2015-05-18 13:15:30,042] INFO Closing socket connection to /127.0.0.1. (kafka.network.Processor)
[2015-05-18 13:15:32,791] INFO Closing socket connection to /127.0.0.1. (kafka.network.Processor)
[2015-05-18 13:15:34,394] INFO Closing socket connection to /127.0.0.1. (kafka.network.Processor)
[2015-05-18 13:15:37,727] INFO Closing socket connection to /127.0.0.1. (kafka.network.Processor)
[2015-05-18 13:15:39,315] INFO Closing socket connection to /127.0.0.1. (kafka.network.Processor)
[2015-05-18 13:15:43,128] INFO Closing socket connection to /127.0.0.1. (kafka.network.Processor)
[2015-05-18 13:15:44,579] INFO Closing socket connection to /127.0.0.1. (kafka.network.Processor)
[2015-05-18 13:15:47,038] INFO Closing socket connection to /127.0.0.1. (kafka.network.Processor)
[2015-05-18 13:16:50,182] INFO Closing socket connection to /127.0.0.1. (kafka.network.Processor)
[2015-05-18 13:26:26,140] ERROR Closing socket for /127.0.0.1 because of error (kafka.network.Processor)
java.io.IOException: Broken pipe
	at sun.nio.ch.FileDispatcherImpl.write0(Native Method)
	at sun.nio.ch.SocketDispatcher.write(SocketDispatcher.java:47)
	at sun.nio.ch.IOUtil.writeFromNativeBuffer(IOUtil.java:93)
	at sun.nio.ch.IOUtil.write(IOUtil.java:65)
	at sun.nio.ch.SocketChannelImpl.write(SocketChannelImpl.java:471)
	at kafka.api.TopicDataSend.writeTo(FetchResponse.scala:122)
	at kafka.network.MultiSend.writeTo(Transmission.scala:101)
	at kafka.api.FetchResponseSend.writeTo(FetchResponse.scala:219)
	at kafka.network.Processor.write(SocketServer.scala:375)
	at kafka.network.Processor.run(SocketServer.scala:247)
	at java.lang.Thread.run(Thread.java:745)
[2015-05-18 13:50:27,560] INFO Closing socket connection to /127.0.0.1. (kafka.network.Processor)
[2015-05-18 13:56:41,245] INFO Closing socket connection to /127.0.0.1. (kafka.network.Processor)
[2015-05-18 13:56:44,530] INFO Closing socket connection to /127.0.0.1. (kafka.network.Processor)
[2015-05-18 14:01:46,477] ERROR Closing socket for /127.0.0.1 because of error (kafka.network.Processor)
java.io.IOException: Broken pipe
	at sun.nio.ch.FileDispatcherImpl.write0(Native Method)
	at sun.nio.ch.SocketDispatcher.write(SocketDispatcher.java:47)
	at sun.nio.ch.IOUtil.writeFromNativeBuffer(IOUtil.java:93)
	at sun.nio.ch.IOUtil.write(IOUtil.java:65)
	at sun.nio.ch.SocketChannelImpl.write(SocketChannelImpl.java:471)
	at kafka.api.TopicDataSend.writeTo(FetchResponse.scala:122)
	at kafka.network.MultiSend.writeTo(Transmission.scala:101)
	at kafka.api.FetchResponseSend.writeTo(FetchResponse.scala:219)
	at kafka.network.Processor.write(SocketServer.scala:375)
	at kafka.network.Processor.run(SocketServer.scala:247)
	at java.lang.Thread.run(Thread.java:745)
